17:02:23 **** Rebuild of configuration Debug for project main ****
Info: Internal Builder is used for build
gcc -O0 -g3 -Wall -c -fmessage-length=0 -o "src\\main.o" "..\\src\\main.c" 
gcc -o main.exe "src\\main.o" 
Info: Nothing to build for main
17:13:07 **** Incremental Build of configuration Debug for project main ****
Info: Internal Builder is used for build
gcc -O0 -g3 -Wall -c -fmessage-length=0 -o "src\\lifo.o" "..\\src\\lifo.c" 
gcc -O0 -g3 -Wall -c -fmessage-length=0 -o "src\\main.o" "..\\src\\main.c" 
gcc -o main.exe "src\\lifo.o" "src\\main.o" 
Info: Nothing to build for main
Info: Nothing to build for main
18:44:38 **** Incremental Build of configuration Debug for project main ****
Info: Internal Builder is used for build
gcc -O0 -g3 -Wall -c -fmessage-length=0 -o "src\\main.o" "..\\src\\main.c" 
..\src\main.c: In function 'main':
..\src\main.c:20:35: warning: pointer targets in passing argument 2 of 'LIFO_get_item' differ in signedness [-Wpointer-sign]
    if ( LIFO_get_item(&uart_lifo, &temper)==LIFO_NO_ERROR)
                                   ^
In file included from ..\src\main.c:4:0:
..\src\lifo.h:32:16: note: expected 'unsigned int *' but argument is of type 'int *'
 lifo_statuts_t LIFO_get_item(LIFO_BUF_t* lifo_buf , unsigned int* item);
                ^~~~~~~~~~~~~
gcc -O0 -g3 -Wall -c -fmessage-length=0 -o "src\\lifo.o" "..\\src\\lifo.c" 
..\src\lifo.c: In function 'LIFO_init':
..\src\lifo.c:14:18: warning: assignment from incompatible pointer type [-Wincompatible-pointer-types]
   lifo_buf->base = buf;
                  ^
..\src\lifo.c:15:18: warning: assignment from incompatible pointer type [-Wincompatible-pointer-types]
   lifo_buf->head = buf;
                  ^
gcc -o main.exe "src\\lifo.o" "src\\main.o" 
Info: Nothing to build for main
